<?xml version="1.0" encoding="UTF-8"?>
<!-- Generated by org.testng.reporters.JUnitXMLReporter -->
<testsuite hostname="DESKTOP-JIT18G6" ignored="0" name="Default test" tests="3" failures="0" timestamp="15 Mar 2018 04:58:49 GMT" time="13.548" errors="0">
  <testcase name="defaultMonthlyBillTest" time="0.895" classname="com.app.tests.AWSCalclatorTests"/>
  <testcase name="addedEc2DefaultValuesTest" time="3.58" classname="com.app.tests.AWSCalclatorTests"/>
  <testcase name="clearFormTest" time="7.348" classname="com.app.tests.AWSCalclatorTests"/>
</testsuite> <!-- Default test -->
