<?xml version="1.0" encoding="UTF-8"?>
<testng-results skipped="0" failed="0" ignored="0" total="3" passed="3">
  <reporter-output>
  </reporter-output>
  <suite name="Default suite" duration-ms="13548" started-at="2018-03-15T04:58:35Z" finished-at="2018-03-15T04:58:49Z">
    <groups>
    </groups>
    <test name="Default test" duration-ms="13548" started-at="2018-03-15T04:58:35Z" finished-at="2018-03-15T04:58:49Z">
      <class name="com.app.tests.AWSCalclatorTests">
        <test-method status="PASS" signature="setUp(java.lang.String)[pri:0, instance:com.app.tests.AWSCalclatorTests@616fe72b]" name="setUp" is-config="true" duration-ms="1711" started-at="2018-03-15T04:58:35Z" finished-at="2018-03-15T04:58:37Z">
          <params>
            <param index="0">
              <value is-null="true"/>
            </param>
          </params>
          <reporter-output>
          </reporter-output>
        </test-method> <!-- setUp -->
        <test-method status="PASS" signature="defaultMonthlyBillTest()[pri:0, instance:com.app.tests.AWSCalclatorTests@616fe72b]" name="defaultMonthlyBillTest" duration-ms="895" started-at="2018-03-15T04:58:37Z" description="Test 1. Monthly bill should be $0.00 by default" finished-at="2018-03-15T04:58:38Z">
          <reporter-output>
          </reporter-output>
        </test-method> <!-- defaultMonthlyBillTest -->
        <test-method status="PASS" signature="addedEc2DefaultValuesTest()[pri:1, instance:com.app.tests.AWSCalclatorTests@616fe72b]" name="addedEc2DefaultValuesTest" duration-ms="3580" started-at="2018-03-15T04:58:38Z" description="Test 2" finished-at="2018-03-15T04:58:42Z">
          <reporter-output>
          </reporter-output>
        </test-method> <!-- addedEc2DefaultValuesTest -->
        <test-method status="PASS" signature="clearFormTest()[pri:2, instance:com.app.tests.AWSCalclatorTests@616fe72b]" name="clearFormTest" duration-ms="7348" started-at="2018-03-15T04:58:42Z" description="Test 3" finished-at="2018-03-15T04:58:49Z">
          <reporter-output>
          </reporter-output>
        </test-method> <!-- clearFormTest -->
        <test-method status="PASS" signature="tearDown()[pri:0, instance:com.app.tests.AWSCalclatorTests@616fe72b]" name="tearDown" is-config="true" duration-ms="0" started-at="2018-03-15T04:58:49Z" finished-at="2018-03-15T04:58:49Z">
          <reporter-output>
          </reporter-output>
        </test-method> <!-- tearDown -->
      </class> <!-- com.app.tests.AWSCalclatorTests -->
    </test> <!-- Default test -->
  </suite> <!-- Default suite -->
</testng-results>
